app/build/intermediates/manifest_merge_blame_file/debug/processDebugMainManifest/manifest-merger-blame-debug-report.txt
1<?xml version="1.0" encoding="utf-8"?>
2<manifest xmlns:android="http://schemas.android.com/apk/res/android"
3    package="com.team7.taskflow"
4    android:versionCode="1"
5    android:versionName="1.0" >
6
7    <uses-sdk
8        android:minSdkVersion="30"
9        android:targetSdkVersion="36" />
10
11    <!-- Permissions for Supabase API -->
12    <uses-permission android:name="android.permission.INTERNET" />
12-->src\main\AndroidManifest.xml:6:5-67
12-->src\main\AndroidManifest.xml:6:22-64
13    <uses-permission android:name="android.permission.ACCESS_NETWORK_STATE" />
13-->src\main\AndroidManifest.xml:7:5-79
13-->src\main\AndroidManifest.xml:7:22-76
14
15    <queries>
15-->src\main\AndroidManifest.xml:9:5-11:15
16        <package android:name="com.google.android.gms" />
16-->src\main\AndroidManifest.xml:10:9-58
16-->src\main\AndroidManifest.xml:10:18-55
17    </queries>
18
19    <permission
19-->[androidx.core:core:1.16.0] AndroidManifest.xml:22:5-24:47
20        android:name="com.team7.taskflow.DYNAMIC_RECEIVER_NOT_EXPORTED_PERMISSION"
20-->[androidx.core:core:1.16.0] AndroidManifest.xml:23:9-81
21        android:protectionLevel="signature" />
21-->[androidx.core:core:1.16.0] AndroidManifest.xml:24:9-44
22
23    <uses-permission android:name="com.team7.taskflow.DYNAMIC_RECEIVER_NOT_EXPORTED_PERMISSION" />
23-->[androidx.core:core:1.16.0] AndroidManifest.xml:26:5-97
23-->[androidx.core:core:1.16.0] AndroidManifest.xml:26:22-94
24
25    <application
25-->src\main\AndroidManifest.xml:13:5-95:19
26        android:allowBackup="true"
26-->src\main\AndroidManifest.xml:14:9-35
27        android:appComponentFactory="androidx.core.app.CoreComponentFactory"
27-->[androidx.core:core:1.16.0] AndroidManifest.xml:28:18-86
28        android:dataExtractionRules="@xml/data_extraction_rules"
28-->src\main\AndroidManifest.xml:15:9-65
29        android:debuggable="true"
30        android:extractNativeLibs="false"
31        android:fullBackupContent="@xml/backup_rules"
31-->src\main\AndroidManifest.xml:16:9-54
32        android:icon="@mipmap/ic_launcher"
32-->src\main\AndroidManifest.xml:17:9-43
33        android:label="@string/app_name"
33-->src\main\AndroidManifest.xml:18:9-41
34        android:roundIcon="@mipmap/ic_launcher_round"
34-->src\main\AndroidManifest.xml:19:9-54
35        android:supportsRtl="true"
35-->src\main\AndroidManifest.xml:20:9-35
36        android:testOnly="true"
37        android:theme="@style/Theme.TaskFlow" >
37-->src\main\AndroidManifest.xml:21:9-46
38
39        <!-- Auth - Đăng nhập (Launcher) -->
40        <activity
40-->src\main\AndroidManifest.xml:24:9-31:20
41            android:name="com.team7.taskflow.ui.auth.LoginActivity"
41-->src\main\AndroidManifest.xml:25:13-50
42            android:exported="true" >
42-->src\main\AndroidManifest.xml:26:13-36
43            <intent-filter>
43-->src\main\AndroidManifest.xml:27:13-30:29
44                <action android:name="android.intent.action.MAIN" />
44-->src\main\AndroidManifest.xml:28:17-69
44-->src\main\AndroidManifest.xml:28:25-66
45
46                <category android:name="android.intent.category.LAUNCHER" />
46-->src\main\AndroidManifest.xml:29:17-77
46-->src\main\AndroidManifest.xml:29:27-74
47            </intent-filter>
48        </activity>
49
50        <!-- Dashboard -->
51        <activity
51-->src\main\AndroidManifest.xml:34:9-37:40
52            android:name="com.team7.taskflow.ui.dashboard.DashboardActivity"
52-->src\main\AndroidManifest.xml:35:13-59
53            android:exported="false"
53-->src\main\AndroidManifest.xml:37:13-37
54            android:windowSoftInputMode="adjustPan" />
54-->src\main\AndroidManifest.xml:36:13-52
55
56        <!-- Auth -->
57        <activity
57-->src\main\AndroidManifest.xml:40:9-42:40
58            android:name="com.team7.taskflow.ui.auth.ForgotPasswordActivity"
58-->src\main\AndroidManifest.xml:41:13-59
59            android:exported="false" />
59-->src\main\AndroidManifest.xml:42:13-37
60        <activity
60-->src\main\AndroidManifest.xml:43:9-54:20
61            android:name="com.team7.taskflow.ui.auth.ResetPasswordActivity"
61-->src\main\AndroidManifest.xml:44:13-58
62            android:exported="true" >
62-->src\main\AndroidManifest.xml:45:13-36
63            <intent-filter>
63-->src\main\AndroidManifest.xml:46:13-53:29
64                <action android:name="android.intent.action.VIEW" />
64-->src\main\AndroidManifest.xml:47:17-69
64-->src\main\AndroidManifest.xml:47:25-66
65
66                <category android:name="android.intent.category.DEFAULT" />
66-->src\main\AndroidManifest.xml:48:17-76
66-->src\main\AndroidManifest.xml:48:27-73
67                <category android:name="android.intent.category.BROWSABLE" />
67-->src\main\AndroidManifest.xml:49:17-78
67-->src\main\AndroidManifest.xml:49:27-75
68
69                <data
69-->src\main\AndroidManifest.xml:50:17-52:47
70                    android:host="reset-password"
70-->src\main\AndroidManifest.xml:51:21-50
71                    android:scheme="taskai" />
71-->src\main\AndroidManifest.xml:52:21-44
72            </intent-filter>
73        </activity>
74        <activity
74-->src\main\AndroidManifest.xml:55:9-57:40
75            android:name="com.team7.taskflow.ui.auth.SignUpActivity"
75-->src\main\AndroidManifest.xml:56:13-51
76            android:exported="false" />
76-->src\main\AndroidManifest.xml:57:13-37
77
78        <!-- Project -->
79        <activity android:name="com.team7.taskflow.ui.project.CreateProjectActivity" />
79-->src\main\AndroidManifest.xml:60:9-70
79-->src\main\AndroidManifest.xml:60:19-67
80        <activity
80-->src\main\AndroidManifest.xml:61:9-65:40
81            android:name="com.team7.taskflow.ui.ai.AiCreateActivity"
81-->src\main\AndroidManifest.xml:62:13-51
82            android:exported="false"
82-->src\main\AndroidManifest.xml:65:13-37
83            android:theme="@style/Theme.TaskFlow.Translucent"
83-->src\main\AndroidManifest.xml:63:13-62
84            android:windowSoftInputMode="adjustResize|stateVisible" />
84-->src\main\AndroidManifest.xml:64:13-68
85        <activity
85-->src\main\AndroidManifest.xml:66:9-68:40
86            android:name="com.team7.taskflow.ui.project.ProjectBoardActivity"
86-->src\main\AndroidManifest.xml:67:13-60
87            android:exported="false" />
87-->src\main\AndroidManifest.xml:68:13-37
88        <activity
88-->src\main\AndroidManifest.xml:69:9-71:40
89            android:name="com.team7.taskflow.ui.timeline.TimelineActivity"
89-->src\main\AndroidManifest.xml:70:13-57
90            android:exported="false" />
90-->src\main\AndroidManifest.xml:71:13-37
91        <activity
91-->src\main\AndroidManifest.xml:72:9-74:40
92            android:name="com.team7.taskflow.ui.project.CalendarActivity"
92-->src\main\AndroidManifest.xml:73:13-56
93            android:exported="false" />
93-->src\main\AndroidManifest.xml:74:13-37
94        <!-- Thêm dòng này vào trong thẻ <application> -->
95        <activity
95-->src\main\AndroidManifest.xml:76:9-79:58
96            android:name="com.team7.taskflow.ui.project.CreateTaskActivity"
96-->src\main\AndroidManifest.xml:77:13-58
97            android:exported="false"
97-->src\main\AndroidManifest.xml:78:13-37
98            android:windowSoftInputMode="adjustResize" />
98-->src\main\AndroidManifest.xml:79:13-55
99        <!-- Notification -->
100        <activity android:name="com.team7.taskflow.ui.notification.NotificationsActivity" />
100-->src\main\AndroidManifest.xml:81:9-75
100-->src\main\AndroidManifest.xml:81:19-72
101
102        <!-- Profile -->
103        <activity
103-->src\main\AndroidManifest.xml:84:9-86:40
104            android:name="com.team7.taskflow.ui.profile.ProfileActivity"
104-->src\main\AndroidManifest.xml:85:13-55
105            android:exported="false" />
105-->src\main\AndroidManifest.xml:86:13-37
106
107        <!-- Member -->
108        <activity android:name="com.team7.taskflow.ui.member.MemberListActivity" />
108-->src\main\AndroidManifest.xml:89:9-66
108-->src\main\AndroidManifest.xml:89:19-63
109        <activity android:name="com.team7.taskflow.ui.member.InviteMemberActivity" />
109-->src\main\AndroidManifest.xml:90:9-68
109-->src\main\AndroidManifest.xml:90:19-65
110
111        <!-- MainActivity cũ -->
112        <activity android:name="com.team7.taskflow.MainActivity" />
112-->src\main\AndroidManifest.xml:93:9-50
112-->src\main\AndroidManifest.xml:93:19-47
113        <activity
113-->[com.google.android.gms:play-services-auth:21.3.0] AndroidManifest.xml:23:9-27:75
114            android:name="com.google.android.gms.auth.api.signin.internal.SignInHubActivity"
114-->[com.google.android.gms:play-services-auth:21.3.0] AndroidManifest.xml:24:13-93
115            android:excludeFromRecents="true"
115-->[com.google.android.gms:play-services-auth:21.3.0] AndroidManifest.xml:25:13-46
116            android:exported="false"
116-->[com.google.android.gms:play-services-auth:21.3.0] AndroidManifest.xml:26:13-37
117            android:theme="@android:style/Theme.Translucent.NoTitleBar" />
117-->[com.google.android.gms:play-services-auth:21.3.0] AndroidManifest.xml:27:13-72
118        <!--
119            Service handling Google Sign-In user revocation. For apps that do not integrate with
120            Google Sign-In, this service will never be started.
121        -->
122        <service
122-->[com.google.android.gms:play-services-auth:21.3.0] AndroidManifest.xml:33:9-37:51
123            android:name="com.google.android.gms.auth.api.signin.RevocationBoundService"
123-->[com.google.android.gms:play-services-auth:21.3.0] AndroidManifest.xml:34:13-89
124            android:exported="true"
124-->[com.google.android.gms:play-services-auth:21.3.0] AndroidManifest.xml:35:13-36
125            android:permission="com.google.android.gms.auth.api.signin.permission.REVOCATION_NOTIFICATION"
125-->[com.google.android.gms:play-services-auth:21.3.0] AndroidManifest.xml:36:13-107
126            android:visibleToInstantApps="true" />
126-->[com.google.android.gms:play-services-auth:21.3.0] AndroidManifest.xml:37:13-48
127
128        <activity
128-->[com.google.android.gms:play-services-base:18.5.0] AndroidManifest.xml:5:9-173
129            android:name="com.google.android.gms.common.api.GoogleApiActivity"
129-->[com.google.android.gms:play-services-base:18.5.0] AndroidManifest.xml:5:19-85
130            android:exported="false"
130-->[com.google.android.gms:play-services-base:18.5.0] AndroidManifest.xml:5:146-170
131            android:theme="@android:style/Theme.Translucent.NoTitleBar" />
131-->[com.google.android.gms:play-services-base:18.5.0] AndroidManifest.xml:5:86-145
132
133        <meta-data
133-->[com.google.android.gms:play-services-basement:18.4.0] AndroidManifest.xml:6:9-122
134            android:name="com.google.android.gms.version"
134-->[com.google.android.gms:play-services-basement:18.4.0] AndroidManifest.xml:6:20-65
135            android:value="@integer/google_play_services_version" />
135-->[com.google.android.gms:play-services-basement:18.4.0] AndroidManifest.xml:6:66-119
136
137        <provider
137-->[androidx.emoji2:emoji2:1.3.0] AndroidManifest.xml:24:9-32:20
138            android:name="androidx.startup.InitializationProvider"
138-->[androidx.emoji2:emoji2:1.3.0] AndroidManifest.xml:25:13-67
139            android:authorities="com.team7.taskflow.androidx-startup"
139-->[androidx.emoji2:emoji2:1.3.0] AndroidManifest.xml:26:13-68
140            android:exported="false" >
140-->[androidx.emoji2:emoji2:1.3.0] AndroidManifest.xml:27:13-37
141            <meta-data
141-->[androidx.emoji2:emoji2:1.3.0] AndroidManifest.xml:29:13-31:52
142                android:name="androidx.emoji2.text.EmojiCompatInitializer"
142-->[androidx.emoji2:emoji2:1.3.0] AndroidManifest.xml:30:17-75
143                android:value="androidx.startup" />
143-->[androidx.emoji2:emoji2:1.3.0] AndroidManifest.xml:31:17-49
144            <meta-data
144-->[androidx.lifecycle:lifecycle-process:2.6.2] AndroidManifest.xml:29:13-31:52
145                android:name="androidx.lifecycle.ProcessLifecycleInitializer"
145-->[androidx.lifecycle:lifecycle-process:2.6.2] AndroidManifest.xml:30:17-78
146                android:value="androidx.startup" />
146-->[androidx.lifecycle:lifecycle-process:2.6.2] AndroidManifest.xml:31:17-49
147            <meta-data
147-->[androidx.profileinstaller:profileinstaller:1.4.0] AndroidManifest.xml:29:13-31:52
148                android:name="androidx.profileinstaller.ProfileInstallerInitializer"
148-->[androidx.profileinstaller:profileinstaller:1.4.0] AndroidManifest.xml:30:17-85
149                android:value="androidx.startup" />
149-->[androidx.profileinstaller:profileinstaller:1.4.0] AndroidManifest.xml:31:17-49
150        </provider>
151
152        <receiver
152-->[androidx.profileinstaller:profileinstaller:1.4.0] AndroidManifest.xml:34:9-52:20
153            android:name="androidx.profileinstaller.ProfileInstallReceiver"
153-->[androidx.profileinstaller:profileinstaller:1.4.0] AndroidManifest.xml:35:13-76
154            android:directBootAware="false"
154-->[androidx.profileinstaller:profileinstaller:1.4.0] AndroidManifest.xml:36:13-44
155            android:enabled="true"
155-->[androidx.profileinstaller:profileinstaller:1.4.0] AndroidManifest.xml:37:13-35
156            android:exported="true"
156-->[androidx.profileinstaller:profileinstaller:1.4.0] AndroidManifest.xml:38:13-36
157            android:permission="android.permission.DUMP" >
157-->[androidx.profileinstaller:profileinstaller:1.4.0] AndroidManifest.xml:39:13-57
158            <intent-filter>
158-->[androidx.profileinstaller:profileinstaller:1.4.0] AndroidManifest.xml:40:13-42:29
159                <action android:name="androidx.profileinstaller.action.INSTALL_PROFILE" />
159-->[androidx.profileinstaller:profileinstaller:1.4.0] AndroidManifest.xml:41:17-91
159-->[androidx.profileinstaller:profileinstaller:1.4.0] AndroidManifest.xml:41:25-88
160            </intent-filter>
161            <intent-filter>
161-->[androidx.profileinstaller:profileinstaller:1.4.0] AndroidManifest.xml:43:13-45:29
162                <action android:name="androidx.profileinstaller.action.SKIP_FILE" />
162-->[androidx.profileinstaller:profileinstaller:1.4.0] AndroidManifest.xml:44:17-85
162-->[androidx.profileinstaller:profileinstaller:1.4.0] AndroidManifest.xml:44:25-82
163            </intent-filter>
164            <intent-filter>
164-->[androidx.profileinstaller:profileinstaller:1.4.0] AndroidManifest.xml:46:13-48:29
165                <action android:name="androidx.profileinstaller.action.SAVE_PROFILE" />
165-->[androidx.profileinstaller:profileinstaller:1.4.0] AndroidManifest.xml:47:17-88
165-->[androidx.profileinstaller:profileinstaller:1.4.0] AndroidManifest.xml:47:25-85
166            </intent-filter>
167            <intent-filter>
167-->[androidx.profileinstaller:profileinstaller:1.4.0] AndroidManifest.xml:49:13-51:29
168                <action android:name="androidx.profileinstaller.action.BENCHMARK_OPERATION" />
168-->[androidx.profileinstaller:profileinstaller:1.4.0] AndroidManifest.xml:50:17-95
168-->[androidx.profileinstaller:profileinstaller:1.4.0] AndroidManifest.xml:50:25-92
169            </intent-filter>
170        </receiver>
171    </application>
172
173</manifest>